<?xml version="1.0" encoding="UTF-8"?>
<!-- Generated by org.testng.reporters.JUnitReportReporter -->
<testsuite hostname="LAPTOP-JQI535JJ" failures="0" tests="1" name="testNGPackage.Demo" time="7.274" errors="0" timestamp="2023-07-19T13:52:07 IST" skipped="0">
  <testcase classname="testNGPackage.Demo" name="method1" time="7.274">
    <system-out>
      <![CDATA[This is Demo TestNG class!!]]>
    </system-out>
  </testcase> <!-- method1 -->
  <system-out>
    <![CDATA[This is Demo TestNG class!!
This is Demo TestNG class!!
This is Demo TestNG class!!]]>
  </system-out>
</testsuite> <!-- testNGPackage.Demo -->
