<?xml version="1.0" encoding="UTF-8"?>
<!-- Generated by org.testng.reporters.JUnitReportReporter -->
<testsuite hostname="LAPTOP-JQI535JJ" failures="0" tests="8" name="testNGAnnotation_Flags.Flag4" time="0.020" errors="0" timestamp="2023-07-22T14:49:37 IST" skipped="0">
  <testcase classname="testNGAnnotation_Flags.Flag4" name="d" time="0.009"/>
  <testcase classname="testNGAnnotation_Flags.Flag4" name="i" time="0.002"/>
  <testcase classname="testNGAnnotation_Flags.Flag4" name="e" time="0.001"/>
  <testcase classname="testNGAnnotation_Flags.Flag4" name="f" time="0.001"/>
  <testcase classname="testNGAnnotation_Flags.Flag4" name="p" time="0.001"/>
  <testcase classname="testNGAnnotation_Flags.Flag4" name="k" time="0.002"/>
  <testcase classname="testNGAnnotation_Flags.Flag4" name="m" time="0.002"/>
  <testcase classname="testNGAnnotation_Flags.Flag4" name="z" time="0.002"/>
</testsuite> <!-- testNGAnnotation_Flags.Flag4 -->
