<?xml version="1.0" encoding="UTF-8"?>
<!-- Generated by org.testng.reporters.JUnitReportReporter -->
<testsuite hostname="LAPTOP-JQI535JJ" failures="0" tests="3" name="testNGAnnotation_Flags.GoogleSearchtestCase" time="14.854" errors="0" timestamp="2023-07-20T17:22:23 IST" skipped="0">
  <testcase classname="testNGAnnotation_Flags.GoogleSearchtestCase" name="search1" time="4.562"/>
  <testcase classname="testNGAnnotation_Flags.GoogleSearchtestCase" name="search3" time="5.212"/>
  <testcase classname="testNGAnnotation_Flags.GoogleSearchtestCase" name="search2" time="5.080"/>
</testsuite> <!-- testNGAnnotation_Flags.GoogleSearchtestCase -->
