<?xml version="1.0" encoding="UTF-8"?>
<!-- Generated by org.testng.reporters.JUnitReportReporter -->
<testsuite hostname="LAPTOP-JQI535JJ" failures="0" tests="2" name="testNGAnnotation_Flags.Flag2" time="0.006" errors="0" timestamp="2023-07-20T15:27:13 IST" skipped="1">
  <testcase classname="testNGAnnotation_Flags.Flag2" name="method1" time="0.006">
    <system-out>
      <![CDATA[Method1 From Flag2]]>
    </system-out>
  </testcase> <!-- method1 -->
  <testcase classname="testNGAnnotation_Flags.Flag2" name="method2">
    <skipped/>
  </testcase> <!-- method2 -->
  <system-out>
    <![CDATA[Method1 From Flag2]]>
  </system-out>
</testsuite> <!-- testNGAnnotation_Flags.Flag2 -->
